This is pdfTeX, Version 3.14159265-2.6-1.40.16 (TeX Live 2015/Debian) (preloaded format=pdflatex 2016.9.21)  6 MAR 2017 17:24
entering extended mode
 restricted \write18 enabled.
 file:line:error style messages enabled.
 %&-line parsing enabled.
**\input paper.tex
(./paper.tex (/usr/share/texlive/texmf-dist/tex/latex/base/report.cls
Document Class: report 2014/09/29 v1.4h Standard LaTeX document class
(/usr/share/texlive/texmf-dist/tex/latex/base/size12.clo
File: size12.clo 2014/09/29 v1.4h Standard LaTeX file (size option)
)
\c@part=\count79
\c@chapter=\count80
\c@section=\count81
\c@subsection=\count82
\c@subsubsection=\count83
\c@paragraph=\count84
\c@subparagraph=\count85
\c@figure=\count86
\c@table=\count87
\abovecaptionskip=\skip41
\belowcaptionskip=\skip42
\bibindent=\dimen102
)
(/usr/share/texlive/texmf-dist/tex/latex/geometry/geometry.sty
Package: geometry 2010/09/12 v5.6 Page Geometry

(/usr/share/texlive/texmf-dist/tex/latex/graphics/keyval.sty
Package: keyval 2014/10/28 v1.15 key=value parser (DPC)
\KV@toks@=\toks14
)
(/usr/share/texlive/texmf-dist/tex/generic/oberdiek/ifpdf.sty
Package: ifpdf 2011/01/30 v2.3 Provides the ifpdf switch (HO)
Package ifpdf Info: pdfTeX in PDF mode is detected.
)
(/usr/share/texlive/texmf-dist/tex/generic/oberdiek/ifvtex.sty
Package: ifvtex 2010/03/01 v1.5 Detect VTeX and its facilities (HO)
Package ifvtex Info: VTeX not detected.
)
(/usr/share/texlive/texmf-dist/tex/generic/ifxetex/ifxetex.sty
Package: ifxetex 2010/09/12 v0.6 Provides ifxetex conditional
)
\Gm@cnth=\count88
\Gm@cntv=\count89
\c@Gm@tempcnt=\count90
\Gm@bindingoffset=\dimen103
\Gm@wd@mp=\dimen104
\Gm@odd@mp=\dimen105
\Gm@even@mp=\dimen106
\Gm@layoutwidth=\dimen107
\Gm@layoutheight=\dimen108
\Gm@layouthoffset=\dimen109
\Gm@layoutvoffset=\dimen110
\Gm@dimlist=\toks15
)
(/usr/share/texlive/texmf-dist/tex/latex/graphics/graphicx.sty
Package: graphicx 2014/10/28 v1.0g Enhanced LaTeX Graphics (DPC,SPQR)

(/usr/share/texlive/texmf-dist/tex/latex/graphics/graphics.sty
Package: graphics 2016/01/03 v1.0q Standard LaTeX Graphics (DPC,SPQR)

(/usr/share/texlive/texmf-dist/tex/latex/graphics/trig.sty
Package: trig 2016/01/03 v1.10 sin cos tan (DPC)
)
(/usr/share/texlive/texmf-dist/tex/latex/latexconfig/graphics.cfg
File: graphics.cfg 2010/04/23 v1.9 graphics configuration of TeX Live
)
Package graphics Info: Driver file: pdftex.def on input line 95.

(/usr/share/texlive/texmf-dist/tex/latex/pdftex-def/pdftex.def
File: pdftex.def 2011/05/27 v0.06d Graphics/color for pdfTeX

(/usr/share/texlive/texmf-dist/tex/generic/oberdiek/infwarerr.sty
Package: infwarerr 2010/04/08 v1.3 Providing info/warning/error messages (HO)
)
(/usr/share/texlive/texmf-dist/tex/generic/oberdiek/ltxcmds.sty
Package: ltxcmds 2011/11/09 v1.22 LaTeX kernel commands for general use (HO)
)
\Gread@gobject=\count91
))
\Gin@req@height=\dimen111
\Gin@req@width=\dimen112
)
(/usr/share/texlive/texmf-dist/tex/latex/amsmath/amsmath.sty
Package: amsmath 2016/03/03 v2.15a AMS math features
\@mathmargin=\skip43

For additional information on amsmath, use the `?' option.
(/usr/share/texlive/texmf-dist/tex/latex/amsmath/amstext.sty
Package: amstext 2000/06/29 v2.01 AMS text

(/usr/share/texlive/texmf-dist/tex/latex/amsmath/amsgen.sty
File: amsgen.sty 1999/11/30 v2.0 generic functions
\@emptytoks=\toks16
\ex@=\dimen113
))
(/usr/share/texlive/texmf-dist/tex/latex/amsmath/amsbsy.sty
Package: amsbsy 1999/11/29 v1.2d Bold Symbols
\pmbraise@=\dimen114
)
(/usr/share/texlive/texmf-dist/tex/latex/amsmath/amsopn.sty
Package: amsopn 1999/12/14 v2.01 operator names
)
\inf@bad=\count92
LaTeX Info: Redefining \frac on input line 199.
\uproot@=\count93
\leftroot@=\count94
LaTeX Info: Redefining \overline on input line 297.
\classnum@=\count95
\DOTSCASE@=\count96
LaTeX Info: Redefining \ldots on input line 394.
LaTeX Info: Redefining \dots on input line 397.
LaTeX Info: Redefining \cdots on input line 518.
\Mathstrutbox@=\box26
\strutbox@=\box27
\big@size=\dimen115
LaTeX Font Info:    Redeclaring font encoding OML on input line 630.
LaTeX Font Info:    Redeclaring font encoding OMS on input line 631.
\macc@depth=\count97
\c@MaxMatrixCols=\count98
\dotsspace@=\muskip10
\c@parentequation=\count99
\dspbrk@lvl=\count100
\tag@help=\toks17
\row@=\count101
\column@=\count102
\maxfields@=\count103
\andhelp@=\toks18
\eqnshift@=\dimen116
\alignsep@=\dimen117
\tagshift@=\dimen118
\tagwidth@=\dimen119
\totwidth@=\dimen120
\lineht@=\dimen121
\@envbody=\toks19
\multlinegap=\skip44
\multlinetaggap=\skip45
\mathdisplay@stack=\toks20
LaTeX Info: Redefining \[ on input line 2735.
LaTeX Info: Redefining \] on input line 2736.
)
(/usr/share/texlive/texmf-dist/tex/latex/amsfonts/amsfonts.sty
Package: amsfonts 2013/01/14 v3.01 Basic AMSFonts support
\symAMSa=\mathgroup4
\symAMSb=\mathgroup5
LaTeX Font Info:    Overwriting math alphabet `\mathfrak' in version `bold'
(Font)                  U/euf/m/n --> U/euf/b/n on input line 106.
)
(/usr/share/texlive/texmf-dist/tex/latex/amscls/amsthm.sty
Package: amsthm 2015/03/04 v2.20.2
\thm@style=\toks21
\thm@bodyfont=\toks22
\thm@headfont=\toks23
\thm@notefont=\toks24
\thm@headpunct=\toks25
\thm@preskip=\skip46
\thm@postskip=\skip47
\thm@headsep=\skip48
\dth@everypar=\toks26
)
\c@thm=\count104
\c@claim=\count105
\c@remark=\count106
\c@definition=\count107
 (./paper.aux)
\openout1 = `paper.aux'.

LaTeX Font Info:    Checking defaults for OML/cmm/m/it on input line 51.
LaTeX Font Info:    ... okay on input line 51.
LaTeX Font Info:    Checking defaults for T1/cmr/m/n on input line 51.
LaTeX Font Info:    ... okay on input line 51.
LaTeX Font Info:    Checking defaults for OT1/cmr/m/n on input line 51.
LaTeX Font Info:    ... okay on input line 51.
LaTeX Font Info:    Checking defaults for OMS/cmsy/m/n on input line 51.
LaTeX Font Info:    ... okay on input line 51.
LaTeX Font Info:    Checking defaults for OMX/cmex/m/n on input line 51.
LaTeX Font Info:    ... okay on input line 51.
LaTeX Font Info:    Checking defaults for U/cmr/m/n on input line 51.
LaTeX Font Info:    ... okay on input line 51.

*geometry* driver: auto-detecting
*geometry* detected driver: pdftex
*geometry* verbose mode - [ preamble ] result:
* driver: pdftex
* paper: <default>
* layout: <same size as paper>
* layoutoffset:(h,v)=(0.0pt,0.0pt)
* modes: 
* h-part:(L,W,R)=(72.26999pt, 469.75502pt, 72.26999pt)
* v-part:(T,H,B)=(72.26999pt, 650.43001pt, 72.26999pt)
* \paperwidth=614.295pt
* \paperheight=794.96999pt
* \textwidth=469.75502pt
* \textheight=650.43001pt
* \oddsidemargin=0.0pt
* \evensidemargin=0.0pt
* \topmargin=-37.0pt
* \headheight=12.0pt
* \headsep=25.0pt
* \topskip=12.0pt
* \footskip=30.0pt
* \marginparwidth=44.0pt
* \marginparsep=10.0pt
* \columnsep=10.0pt
* \skip\footins=10.8pt plus 4.0pt minus 2.0pt
* \hoffset=0.0pt
* \voffset=0.0pt
* \mag=1000
* \@twocolumnfalse
* \@twosidefalse
* \@mparswitchfalse
* \@reversemarginfalse
* (1in=72.27pt=25.4mm, 1cm=28.453pt)

(/usr/share/texlive/texmf-dist/tex/context/base/supp-pdf.mkii
[Loading MPS to PDF converter (version 2006.09.02).]
\scratchcounter=\count108
\scratchdimen=\dimen122
\scratchbox=\box28
\nofMPsegments=\count109
\nofMParguments=\count110
\everyMPshowfont=\toks27
\MPscratchCnt=\count111
\MPscratchDim=\dimen123
\MPnumerator=\count112
\makeMPintoPDFobject=\count113
\everyMPtoPDFconversion=\toks28
) (/usr/share/texlive/texmf-dist/tex/generic/oberdiek/pdftexcmds.sty
Package: pdftexcmds 2011/11/29 v0.20 Utility functions of pdfTeX for LuaTeX (HO
)

(/usr/share/texlive/texmf-dist/tex/generic/oberdiek/ifluatex.sty
Package: ifluatex 2010/03/01 v1.3 Provides the ifluatex switch (HO)
Package ifluatex Info: LuaTeX not detected.
)
Package pdftexcmds Info: LuaTeX not detected.
Package pdftexcmds Info: \pdf@primitive is available.
Package pdftexcmds Info: \pdf@ifprimitive is available.
Package pdftexcmds Info: \pdfdraftmode found.
)
(/usr/share/texlive/texmf-dist/tex/latex/oberdiek/epstopdf-base.sty
Package: epstopdf-base 2010/02/09 v2.5 Base part for package epstopdf

(/usr/share/texlive/texmf-dist/tex/latex/oberdiek/grfext.sty
Package: grfext 2010/08/19 v1.1 Manage graphics extensions (HO)

(/usr/share/texlive/texmf-dist/tex/generic/oberdiek/kvdefinekeys.sty
Package: kvdefinekeys 2011/04/07 v1.3 Define keys (HO)
))
(/usr/share/texlive/texmf-dist/tex/latex/oberdiek/kvoptions.sty
Package: kvoptions 2011/06/30 v3.11 Key value format for package options (HO)

(/usr/share/texlive/texmf-dist/tex/generic/oberdiek/kvsetkeys.sty
Package: kvsetkeys 2012/04/25 v1.16 Key value parser (HO)

(/usr/share/texlive/texmf-dist/tex/generic/oberdiek/etexcmds.sty
Package: etexcmds 2011/02/16 v1.5 Avoid name clashes with e-TeX commands (HO)
Package etexcmds Info: Could not find \expanded.
(etexcmds)             That can mean that you are not using pdfTeX 1.50 or
(etexcmds)             that some package has redefined \expanded.
(etexcmds)             In the latter case, load this package earlier.
)))
Package grfext Info: Graphics extension search list:
(grfext)             [.png,.pdf,.jpg,.mps,.jpeg,.jbig2,.jb2,.PNG,.PDF,.JPG,.JPE
G,.JBIG2,.JB2,.eps]
(grfext)             \AppendGraphicsExtensions on input line 452.

(/usr/share/texlive/texmf-dist/tex/latex/latexconfig/epstopdf-sys.cfg
File: epstopdf-sys.cfg 2010/07/13 v1.3 Configuration of (r)epstopdf for TeX Liv
e
))
LaTeX Font Info:    Try loading font information for U+msa on input line 62.

(/usr/share/texlive/texmf-dist/tex/latex/amsfonts/umsa.fd
File: umsa.fd 2013/01/14 v3.01 AMS symbols A
)
LaTeX Font Info:    Try loading font information for U+msb on input line 62.

(/usr/share/texlive/texmf-dist/tex/latex/amsfonts/umsb.fd
File: umsb.fd 2013/01/14 v3.01 AMS symbols B
) [1

{/var/lib/texmf/fonts/map/pdftex/updmap/pdftex.map}] (./paper.toc)
\tf@toc=\write3
\openout3 = `paper.toc'.

 [1

]
Chapter 1.
[2

]
Chapter 2.
[3

]
Chapter 3.
[4

]
Chapter 4.
[5

]
Chapter 5.
LaTeX Font Info:    Try loading font information for OMS+cmr on input line 119.

(/usr/share/texlive/texmf-dist/tex/latex/base/omscmr.fd
File: omscmr.fd 2014/09/29 v2.5h Standard LaTeX font definitions
)
LaTeX Font Info:    Font shape `OMS/cmr/m/it' in size <12> not available
(Font)              Font shape `OMS/cmsy/m/n' tried instead on input line 119.
 [6

] [7] [8] [9]
[10] [11]
./paper.tex:608: Missing $ inserted.
<inserted text> 
                $
l.608   U^{\underbar{\sp(g)}
                            }$, and suppose $\gamma_1, \gamma_2: U \rightarr...
I've inserted a begin-math/end-math symbol since I think
you left one out. Proceed, with fingers crossed.

./paper.tex:608: Extra }, or forgotten $.
\sbox ...hbox {\color@setgroup #2\color@endgroup }
                                                  
l.608   U^{\underbar{\sp(g)}
                            }$, and suppose $\gamma_1, \gamma_2: U \rightarr...
I've deleted a group-closing symbol because it seems to be
spurious, as in `$x}$'. But perhaps the } is legitimate and
you forgot something else, as in `\hbox{$x}'. In such cases
the way to recover is to insert both the forgotten and the
deleted material, e.g., by typing `I$}'.

./paper.tex:608: Extra }, or forgotten $.
\underline #1->\relax \ifmmode \@@underline {#1}
                                                \else $\@@underline {\hbox {...
l.608   U^{\underbar{\sp(g)}
                            }$, and suppose $\gamma_1, \gamma_2: U \rightarr...
I've deleted a group-closing symbol because it seems to be
spurious, as in `$x}$'. But perhaps the } is legitimate and
you forgot something else, as in `\hbox{$x}'. In such cases
the way to recover is to insert both the forgotten and the
deleted material, e.g., by typing `I$}'.

./paper.tex:608: Extra }, or forgotten $.
l.608   U^{\underbar{\sp(g)}}
                             $, and suppose $\gamma_1, \gamma_2: U \rightarr...
I've deleted a group-closing symbol because it seems to be
spurious, as in `$x}$'. But perhaps the } is legitimate and
you forgot something else, as in `\hbox{$x}'. In such cases
the way to recover is to insert both the forgotten and the
deleted material, e.g., by typing `I$}'.


./paper.tex:616: LaTeX Error: Something's wrong--perhaps a missing \item.

See the LaTeX manual or LaTeX Companion for explanation.
Type  H <return>  for immediate help.
 ...                                              
                                                  
l.616 \end{lem}
               
Try typing  <return>  to proceed.
If that doesn't work, type  X <return>  to quit.


./paper.tex:616: LaTeX Error: Something's wrong--perhaps a missing \item.

See the LaTeX manual or LaTeX Companion for explanation.
Type  H <return>  for immediate help.
 ...                                              
                                                  
l.616 \end{lem}
               
Try typing  <return>  to proceed.
If that doesn't work, type  X <return>  to quit.

./paper.tex:616: Missing } inserted.
<inserted text> 
                }
l.616 \end{lem}
               
I've inserted something that you may have forgotten.
(See the <inserted text> above.)
With luck, this will get me unwedged. But if you
really didn't forget anything, try typing `2' now; then
my insertion and my current dilemma will both disappear.

./paper.tex:616: Missing } inserted.
<inserted text> 
                }
l.616 \end{lem}
               
I've inserted something that you may have forgotten.
(See the <inserted text> above.)
With luck, this will get me unwedged. But if you
really didn't forget anything, try typing `2' now; then
my insertion and my current dilemma will both disappear.

./paper.tex:616: Missing } inserted.
<inserted text> 
                }
l.616 \end{lem}
               
I've inserted something that you may have forgotten.
(See the <inserted text> above.)
With luck, this will get me unwedged. But if you
really didn't forget anything, try typing `2' now; then
my insertion and my current dilemma will both disappear.

./paper.tex:616: Missing $ inserted.
<inserted text> 
                $
l.616 \end{lem}
               
I've inserted something that you may have forgotten.
(See the <inserted text> above.)
With luck, this will get me unwedged. But if you
really didn't forget anything, try typing `2' now; then
my insertion and my current dilemma will both disappear.

./paper.tex:638: Missing $ inserted.
<inserted text> 
                $
l.638   U^{\underbar{\sp(g)}
                            }$ and $\gamma: U \rightrrow [n]$ such that
I've inserted a begin-math/end-math symbol since I think
you left one out. Proceed, with fingers crossed.

./paper.tex:638: Extra }, or forgotten $.
\sbox ...hbox {\color@setgroup #2\color@endgroup }
                                                  
l.638   U^{\underbar{\sp(g)}
                            }$ and $\gamma: U \rightrrow [n]$ such that
I've deleted a group-closing symbol because it seems to be
spurious, as in `$x}$'. But perhaps the } is legitimate and
you forgot something else, as in `\hbox{$x}'. In such cases
the way to recover is to insert both the forgotten and the
deleted material, e.g., by typing `I$}'.

./paper.tex:638: Extra }, or forgotten $.
\underline #1->\relax \ifmmode \@@underline {#1}
                                                \else $\@@underline {\hbox {...
l.638   U^{\underbar{\sp(g)}
                            }$ and $\gamma: U \rightrrow [n]$ such that
I've deleted a group-closing symbol because it seems to be
spurious, as in `$x}$'. But perhaps the } is legitimate and
you forgot something else, as in `\hbox{$x}'. In such cases
the way to recover is to insert both the forgotten and the
deleted material, e.g., by typing `I$}'.

./paper.tex:638: Extra }, or forgotten $.
l.638   U^{\underbar{\sp(g)}}
                             $ and $\gamma: U \rightrrow [n]$ such that
I've deleted a group-closing symbol because it seems to be
spurious, as in `$x}$'. But perhaps the } is legitimate and
you forgot something else, as in `\hbox{$x}'. In such cases
the way to recover is to insert both the forgotten and the
deleted material, e.g., by typing `I$}'.

./paper.tex:638: Undefined control sequence.
l.638 ...erbar{\sp(g)}}$ and $\gamma: U \rightrrow
                                                   [n]$ such that
The control sequence at the end of the top line
of your error message was never \def'ed. If you have
misspelled it (e.g., `\hobx'), type `I' and the correct
spelling (e.g., `I\hbox'). Otherwise just continue,
and I'll forget about whatever was undefined.


./paper.tex:646: LaTeX Error: Environment cases* undefined.

See the LaTeX manual or LaTeX Companion for explanation.
Type  H <return>  for immediate help.
 ...                                              
                                                  
l.646   \end{align*}
                    
Your command was ignored.
Type  I <command> <return>  to replace it with another command,
or  <return>  to continue without it.

./paper.tex:646: Extra }, or forgotten \endgroup.
<template> }
            $}\ifmeasuring@ \savefieldlength@ \fi \set@field \endtemplate 
l.646   \end{align*}
                    
I've deleted a group-closing symbol because it seems to be
spurious, as in `$x}$'. But perhaps the } is legitimate and
you forgot something else, as in `\hbox{$x}'. In such cases
the way to recover is to insert both the forgotten and the
deleted material, e.g., by typing `I$}'.

./paper.tex:646: Missing \endgroup inserted.
<inserted text> 
                \endgroup 
l.646   \end{align*}
                    
I've inserted something that you may have forgotten.
(See the <inserted text> above.)
With luck, this will get me unwedged. But if you
really didn't forget anything, try typing `2' now; then
my insertion and my current dilemma will both disappear.

./paper.tex:646: Missing } inserted.
<inserted text> 
                }
l.646   \end{align*}
                    
I've inserted something that you may have forgotten.
(See the <inserted text> above.)
With luck, this will get me unwedged. But if you
really didn't forget anything, try typing `2' now; then
my insertion and my current dilemma will both disappear.

./paper.tex:646: Missing } inserted.
<inserted text> 
                }
l.646   \end{align*}
                    
I've inserted something that you may have forgotten.
(See the <inserted text> above.)
With luck, this will get me unwedged. But if you
really didn't forget anything, try typing `2' now; then
my insertion and my current dilemma will both disappear.

./paper.tex:646: Missing $ inserted.
<inserted text> 
                $
l.646   \end{align*}
                    
I've inserted a begin-math/end-math symbol since I think
you left one out. Proceed, with fingers crossed.

./paper.tex:646: Undefined control sequence.
<argument> ...begin {cases*} 1 & if $A_h \cap \EV 
                                                  _h \neq \emptyset $ 0 & ot...
l.646   \end{align*}
                    
The control sequence at the end of the top line
of your error message was never \def'ed. If you have
misspelled it (e.g., `\hobx'), type `I' and the correct
spelling (e.g., `I\hbox'). Otherwise just continue,
and I'll forget about whatever was undefined.

./paper.tex:646: Missing { inserted.
<inserted text> 
                {
l.646   \end{align*}
                    
I've put in what seems to be necessary to fix
the current column of the current alignment.
Try to go on, since this might almost work.

./paper.tex:646: Extra }, or forgotten $.
<recently read> }
                 
l.646   \end{align*}
                    
I've deleted a group-closing symbol because it seems to be
spurious, as in `$x}$'. But perhaps the } is legitimate and
you forgot something else, as in `\hbox{$x}'. In such cases
the way to recover is to insert both the forgotten and the
deleted material, e.g., by typing `I$}'.

./paper.tex:646: Missing $ inserted.
<inserted text> 
                $
l.646   \end{align*}
                    
I've inserted a begin-math/end-math symbol since I think
you left one out. Proceed, with fingers crossed.

./paper.tex:646: Missing } inserted.
<inserted text> 
                }
l.646   \end{align*}
                    
I've inserted something that you may have forgotten.
(See the <inserted text> above.)
With luck, this will get me unwedged. But if you
really didn't forget anything, try typing `2' now; then
my insertion and my current dilemma will both disappear.


./paper.tex:646: LaTeX Error: \begin{align*} on input line 641 ended by \end{ca
ses*}.

See the LaTeX manual or LaTeX Companion for explanation.
Type  H <return>  for immediate help.
 ...                                              
                                                  
l.646   \end{align*}
                    
Your command was ignored.
Type  I <command> <return>  to replace it with another command,
or  <return>  to continue without it.

./paper.tex:646: Missing } inserted.
<inserted text> 
                }
l.646   \end{align*}
                    
I've inserted something that you may have forgotten.
(See the <inserted text> above.)
With luck, this will get me unwedged. But if you
really didn't forget anything, try typing `2' now; then
my insertion and my current dilemma will both disappear.

./paper.tex:646: Missing $ inserted.
<inserted text> 
                $
l.646   \end{align*}
                    
I've inserted something that you may have forgotten.
(See the <inserted text> above.)
With luck, this will get me unwedged. But if you
really didn't forget anything, try typing `2' now; then
my insertion and my current dilemma will both disappear.

./paper.tex:646: Missing } inserted.
<inserted text> 
                }
l.646   \end{align*}
                    
I've inserted something that you may have forgotten.
(See the <inserted text> above.)
With luck, this will get me unwedged. But if you
really didn't forget anything, try typing `2' now; then
my insertion and my current dilemma will both disappear.

./paper.tex:646: Missing } inserted.
<inserted text> 
                }
l.646   \end{align*}
                    
I've inserted something that you may have forgotten.
(See the <inserted text> above.)
With luck, this will get me unwedged. But if you
really didn't forget anything, try typing `2' now; then
my insertion and my current dilemma will both disappear.

./paper.tex:646: Missing \cr inserted.
<inserted text> 
                \cr 
l.646   \end{align*}
                    
I'm guessing that you meant to end an alignment here.

./paper.tex:646: Missing { inserted.
<inserted text> 
                {
l.646   \end{align*}
                    
I've put in what seems to be necessary to fix
the current column of the current alignment.
Try to go on, since this might almost work.

./paper.tex:646: Missing { inserted.
<inserted text> 
                {
l.646   \end{align*}
                    
I've put in what seems to be necessary to fix
the current column of the current alignment.
Try to go on, since this might almost work.

./paper.tex:646: Extra }, or forgotten $.
<recently read> }
                 
l.646   \end{align*}
                    
I've deleted a group-closing symbol because it seems to be
spurious, as in `$x}$'. But perhaps the } is legitimate and
you forgot something else, as in `\hbox{$x}'. In such cases
the way to recover is to insert both the forgotten and the
deleted material, e.g., by typing `I$}'.

./paper.tex:646: Missing $ inserted.
<inserted text> 
                $
l.646   \end{align*}
                    
I've inserted a begin-math/end-math symbol since I think
you left one out. Proceed, with fingers crossed.

./paper.tex:646: Missing } inserted.
<inserted text> 
                }
l.646   \end{align*}
                    
I've inserted something that you may have forgotten.
(See the <inserted text> above.)
With luck, this will get me unwedged. But if you
really didn't forget anything, try typing `2' now; then
my insertion and my current dilemma will both disappear.

./paper.tex:646: Missing } inserted.
<inserted text> 
                }
l.646   \end{align*}
                    
I've inserted something that you may have forgotten.
(See the <inserted text> above.)
With luck, this will get me unwedged. But if you
really didn't forget anything, try typing `2' now; then
my insertion and my current dilemma will both disappear.

./paper.tex:646: Misplaced \omit.
\math@cr@@@ ...@ \@ne \add@amps \maxfields@ \omit 
                                                  \kern -\alignsep@ \iftag@ ...
l.646   \end{align*}
                    
I expect to see \omit only after tab marks or the \cr of
an alignment. Proceed, and I'll ignore this case.

./paper.tex:646: Misplaced \cr.
\math@cr@@@ ...wtrue \fi \global \lineht@ \z@ \cr 
                                                  
l.646   \end{align*}
                    
I can't figure out why you would want to use a tab mark
or \cr or \span just now. If something like a right brace
up above has ended a previous alignment prematurely,
you're probably due for more error messages, and you
might try typing `S' now just to see what is salvageable.

./paper.tex:646: Misplaced \cr.
\measure@ ...olumn@ \z@ \add@amps \maxfields@ \cr 
                                                  }}\restorecounters@ \ifodd...
l.646   \end{align*}
                    
I can't figure out why you would want to use a tab mark
or \cr or \span just now. If something like a right brace
up above has ended a previous alignment prematurely,
you're probably due for more error messages, and you
might try typing `S' now just to see what is salvageable.

./paper.tex:646: Extra }, or forgotten \endgroup.
\measure@ ...lumn@ \z@ \add@amps \maxfields@ \cr }
                                                  }\restorecounters@ \ifodd ...
l.646   \end{align*}
                    
I've deleted a group-closing symbol because it seems to be
spurious, as in `$x}$'. But perhaps the } is legitimate and
you forgot something else, as in `\hbox{$x}'. In such cases
the way to recover is to insert both the forgotten and the
deleted material, e.g., by typing `I$}'.

./paper.tex:646: Extra }, or forgotten \endgroup.
\measure@ ...umn@ \z@ \add@amps \maxfields@ \cr }}
                                                  \restorecounters@ \ifodd \...
l.646   \end{align*}
                    
I've deleted a group-closing symbol because it seems to be
spurious, as in `$x}$'. But perhaps the } is legitimate and
you forgot something else, as in `\hbox{$x}'. In such cases
the way to recover is to insert both the forgotten and the
deleted material, e.g., by typing `I$}'.

./paper.tex:646: Missing number, treated as zero.
<to be read again> 
                   >
l.646   \end{align*}
                    
A number should have been here; I inserted `0'.
(If you can't figure out why I needed to see a number,
look up `weird error' in the index to The TeXbook.)

./paper.tex:646: Illegal unit of measure (pt inserted).
<to be read again> 
                   >
l.646   \end{align*}
                    
Dimensions can be in units of em, ex, in, pt, pc,
cm, mm, dd, cc, nd, nc, bp, or sp; but yours is a new one!
I'll assume that you meant to say pt, for printer's points.
To recover gracefully from this error, it's best to
delete the erroneous units; e.g., type `2' to delete
two letters. (See Chapter 27 of The TeXbook.)

./paper.tex:646: Missing } inserted.
<inserted text> 
                }
l.646   \end{align*}
                    
I've inserted something that you may have forgotten.
(See the <inserted text> above.)
With luck, this will get me unwedged. But if you
really didn't forget anything, try typing `2' now; then
my insertion and my current dilemma will both disappear.

./paper.tex:646: You can't use `\halign' in math mode.
<recently read> \halign 
                        
l.646   \end{align*}
                    
Sorry, but I'm not programmed to handle this case;
I'll just pretend that you didn't ask for it.
If you're in the wrong mode, you might be able to
return to the right one by typing `I}' or `I$' or `I\par'.

./paper.tex:646: Misplaced \span.
\align@ ...bskip \eqnshift@ \halign \bgroup \span 
                                                  \align@preamble \crcr #2
l.646   \end{align*}
                    
I can't figure out why you would want to use a tab mark
or \cr or \span just now. If something like a right brace
up above has ended a previous alignment prematurely,
you're probably due for more error messages, and you
might try typing `S' now just to see what is salvageable.

./paper.tex:646: Misplaced alignment tab character &.
\align@preamble ->&
                   \hfil \strut@ \setboxz@h {\@lign $\m@th \displaystyle {##...
l.646   \end{align*}
                    
I can't figure out why you would want to use a tab mark
here. If you just want an ampersand, the remedy is
simple: Just type `I\&' now. But if some right brace
up above has ended a previous alignment prematurely,
you're probably due for more error messages, and you
might try typing `S' now just to see what is salvageable.

./paper.tex:646: You can't use `macro parameter character #' in math mode.
\align@preamble ...\@lign $\m@th \displaystyle {##
                                                  }$}\ifmeasuring@ \savefiel...
l.646   \end{align*}
                    
Sorry, but I'm not programmed to handle this case;
I'll just pretend that you didn't ask for it.
If you're in the wrong mode, you might be able to
return to the right one by typing `I}' or `I$' or `I\par'.

./paper.tex:646: Misplaced alignment tab character &.
\align@preamble ...i \set@field \tabskip \z@skip &
                                                  \setboxz@h {\@lign $\m@th ...
l.646   \end{align*}
                    
I can't figure out why you would want to use a tab mark
here. If you just want an ampersand, the remedy is
simple: Just type `I\&' now. But if some right brace
up above has ended a previous alignment prematurely,
you're probably due for more error messages, and you
might try typing `S' now just to see what is salvageable.

./paper.tex:646: You can't use `macro parameter character #' in math mode.
\align@preamble ...lign $\m@th \displaystyle {{}##
                                                  }$}\ifmeasuring@ \savefiel...
l.646   \end{align*}
                    
Sorry, but I'm not programmed to handle this case;
I'll just pretend that you didn't ask for it.
If you're in the wrong mode, you might be able to
return to the right one by typing `I}' or `I$' or `I\par'.

./paper.tex:646: Misplaced \crcr.
<recently read> \crcr 
                      
l.646   \end{align*}
                    
I can't figure out why you would want to use a tab mark
or \cr or \span just now. If something like a right brace
up above has ended a previous alignment prematurely,
you're probably due for more error messages, and you
might try typing `S' now just to see what is salvageable.


./paper.tex:646: LaTeX Error: Environment cases* undefined.

See the LaTeX manual or LaTeX Companion for explanation.
Type  H <return>  for immediate help.
 ...                                              
                                                  
l.646   \end{align*}
                    
Your command was ignored.
Type  I <command> <return>  to replace it with another command,
or  <return>  to continue without it.

./paper.tex:646: Misplaced alignment tab character &.
<argument> ...}_\alpha (a,b):= \begin {cases*} 1 &
                                                   if $A_h \cap \EV _h \neq ...
l.646   \end{align*}
                    
I can't figure out why you would want to use a tab mark
here. If you just want an ampersand, the remedy is
simple: Just type `I\&' now. But if some right brace
up above has ended a previous alignment prematurely,
you're probably due for more error messages, and you
might try typing `S' now just to see what is salvageable.

./paper.tex:646: Missing \endgroup inserted.
<inserted text> 
                \endgroup 
l.646   \end{align*}
                    
I've inserted something that you may have forgotten.
(See the <inserted text> above.)
With luck, this will get me unwedged. But if you
really didn't forget anything, try typing `2' now; then
my insertion and my current dilemma will both disappear.

./paper.tex:646: Missing } inserted.
<inserted text> 
                }
l.646   \end{align*}
                    
I've inserted something that you may have forgotten.
(See the <inserted text> above.)
With luck, this will get me unwedged. But if you
really didn't forget anything, try typing `2' now; then
my insertion and my current dilemma will both disappear.

./paper.tex:646: Missing } inserted.
<inserted text> 
                }
l.646   \end{align*}
                    
I've inserted something that you may have forgotten.
(See the <inserted text> above.)
With luck, this will get me unwedged. But if you
really didn't forget anything, try typing `2' now; then
my insertion and my current dilemma will both disappear.

./paper.tex:646: Missing } inserted.
<inserted text> 
                }
l.646   \end{align*}
                    
I've inserted something that you may have forgotten.
(See the <inserted text> above.)
With luck, this will get me unwedged. But if you
really didn't forget anything, try typing `2' now; then
my insertion and my current dilemma will both disappear.

./paper.tex:646: Missing $ inserted.
<inserted text> 
                $
l.646   \end{align*}
                    
I've inserted a begin-math/end-math symbol since I think
you left one out. Proceed, with fingers crossed.

./paper.tex:646: Undefined control sequence.
<argument> ...begin {cases*} 1 & if $A_h \cap \EV 
                                                  _h \neq \emptyset $ 0 & ot...
l.646   \end{align*}
                    
The control sequence at the end of the top line
of your error message was never \def'ed. If you have
misspelled it (e.g., `\hobx'), type `I' and the correct
spelling (e.g., `I\hbox'). Otherwise just continue,
and I'll forget about whatever was undefined.

./paper.tex:646: Misplaced alignment tab character &.
<argument> ...A_h \cap \EV _h \neq \emptyset $ 0 &
                                                   otherwise \end {cases*}, 
l.646   \end{align*}
                    
I can't figure out why you would want to use a tab mark
here. If you just want an ampersand, the remedy is
simple: Just type `I\&' now. But if some right brace
up above has ended a previous alignment prematurely,
you're probably due for more error messages, and you
might try typing `S' now just to see what is salvageable.


./paper.tex:646: LaTeX Error: \begin{lem} on input line 636 ended by \end{cases
*}.

See the LaTeX manual or LaTeX Companion for explanation.
Type  H <return>  for immediate help.
 ...                                              
                                                  
l.646   \end{align*}
                    
Your command was ignored.
Type  I <command> <return>  to replace it with another command,
or  <return>  to continue without it.

./paper.tex:646: Misplaced \cr.
\math@cr@@@ ->\cr 
                  
l.646   \end{align*}
                    
I can't figure out why you would want to use a tab mark
or \cr or \span just now. If something like a right brace
up above has ended a previous alignment prematurely,
you're probably due for more error messages, and you
might try typing `S' now just to see what is salvageable.

./paper.tex:646: Misplaced \noalign.
\math@cr@@ ... \iffalse }\fi \math@cr@@@ \noalign 
                                                  {\vskip #1\relax }
l.646   \end{align*}
                    
I expect to see \noalign only after the \cr of
an alignment. Proceed, and I'll ignore this case.


Overfull \hbox (28.56554pt too wide) in paragraph at lines 637--646
\OT1/cmr/bx/n/12 Lemma 11. \OT1/cmr/m/it/12 Let $\OML/cmm/m/it/12 g$ \OT1/cmr/m
/it/12 be a ma-trix sym-met-ric gate in $\OML/cmm/m/it/12 C[]$ \OT1/cmr/m/it/12
 with chil-dren $\OML/cmm/m/it/12 H$\OT1/cmr/m/it/12 . Let $\OML/cmm/m/it/12  
\OMS/cmsy/m/n/12 2 \OML/cmm/m/it/12 U[]$\OT1/cmr/m/it/12 A$[]\OMS/cmsy/m/n/12 \
[] 6\OT1/cmr/m/n/12 =
 []

./paper.tex:646: Misplaced \noalign.
\black@ #1->\noalign 
                     {\ifdim #1>\displaywidth \dimen@ \prevdepth \nointerlin...
l.646   \end{align*}
                    
I expect to see \noalign only after the \cr of
an alignment. Proceed, and I'll ignore this case.

./paper.tex:646: Too many }'s.
\endalign ->\math@cr \black@ \totwidth@ \egroup 
                                                \ifingather@ \restorealignst...
l.646   \end{align*}
                    
You've closed more groups than you opened.
Such booboos are generally harmless, so keep going.


./paper.tex:646: LaTeX Error: \begin{document} ended by \end{align*}.

See the LaTeX manual or LaTeX Companion for explanation.
Type  H <return>  for immediate help.
 ...                                              
                                                  
l.646   \end{align*}
                    
Your command was ignored.
Type  I <command> <return>  to replace it with another command,
or  <return>  to continue without it.

./paper.tex:646: Missing $ inserted.
<inserted text> 
                $
l.646   \end{align*}
                    
I've inserted something that you may have forgotten.
(See the <inserted text> above.)
With luck, this will get me unwedged. But if you
really didn't forget anything, try typing `2' now; then
my insertion and my current dilemma will both disappear.

./paper.tex:646: Display math should end with $$.
<to be read again> 
                   \endgroup 
l.646   \end{align*}
                    
The `$' that I just saw supposedly matches a previous `$$'.
So I shall assume that you typed `$$' both times.

./paper.tex:646: Extra \endgroup.
<recently read> \endgroup 
                          
l.646   \end{align*}
                    
Things are pretty mixed up, but I think the worst is over.

./paper.tex:648: Undefined control sequence.
l.648 ...amma = L^{EV}_\alpha$ and $\alpha \in \EV
                                                  (g)$ iff
The control sequence at the end of the top line
of your error message was never \def'ed. If you have
misspelled it (e.g., `\hobx'), type `I' and the correct
spelling (e.g., `I\hbox'). Otherwise just continue,
and I'll forget about whatever was undefined.

./paper.tex:649: Undefined control sequence.
<recently read> \rk 
                    
l.649   $\rk
            ^u_p(L^0_\gamma)$
The control sequence at the end of the top line
of your error message was never \def'ed. If you have
misspelled it (e.g., `\hobx'), type `I' and the correct
spelling (e.g., `I\hbox'). Otherwise just continue,
and I'll forget about whatever was undefined.


./paper.tex:650: LaTeX Error: \begin{document} ended by \end{lem}.

See the LaTeX manual or LaTeX Companion for explanation.
Type  H <return>  for immediate help.
 ...                                              
                                                  
l.650 \end{lem}
               
Your command was ignored.
Type  I <command> <return>  to replace it with another command,
or  <return>  to continue without it.

./paper.tex:650: Extra \endgroup.
<recently read> \endgroup 
                          
l.650 \end{lem}
               
Things are pretty mixed up, but I think the worst is over.

./paper.tex:657: Missing $ inserted.
<inserted text> 
                $
l.657   \in U^{\underbar{\sp(g)}
                                }$ and let $\gamma: U \rightarrow [n]$ such ...
I've inserted a begin-math/end-math symbol since I think
you left one out. Proceed, with fingers crossed.

./paper.tex:657: Extra }, or forgotten $.
\sbox ...hbox {\color@setgroup #2\color@endgroup }
                                                  
l.657   \in U^{\underbar{\sp(g)}
                                }$ and let $\gamma: U \rightarrow [n]$ such ...
I've deleted a group-closing symbol because it seems to be
spurious, as in `$x}$'. But perhaps the } is legitimate and
you forgot something else, as in `\hbox{$x}'. In such cases
the way to recover is to insert both the forgotten and the
deleted material, e.g., by typing `I$}'.

./paper.tex:657: Extra }, or forgotten $.
\underline #1->\relax \ifmmode \@@underline {#1}
                                                \else $\@@underline {\hbox {...
l.657   \in U^{\underbar{\sp(g)}
                                }$ and let $\gamma: U \rightarrow [n]$ such ...
I've deleted a group-closing symbol because it seems to be
spurious, as in `$x}$'. But perhaps the } is legitimate and
you forgot something else, as in `\hbox{$x}'. In such cases
the way to recover is to insert both the forgotten and the
deleted material, e.g., by typing `I$}'.

./paper.tex:657: Extra }, or forgotten $.
l.657   \in U^{\underbar{\sp(g)}}
                                 $ and let $\gamma: U \rightarrow [n]$ such ...
I've deleted a group-closing symbol because it seems to be
spurious, as in `$x}$'. But perhaps the } is legitimate and
you forgot something else, as in `\hbox{$x}'. In such cases
the way to recover is to insert both the forgotten and the
deleted material, e.g., by typing `I$}'.


./paper.tex:666: LaTeX Error: Environment cases* undefined.

See the LaTeX manual or LaTeX Companion for explanation.
Type  H <return>  for immediate help.
 ...                                              
                                                  
l.666   \end{align*}
                    
Your command was ignored.
Type  I <command> <return>  to replace it with another command,
or  <return>  to continue without it.

./paper.tex:666: Extra }, or forgotten \endgroup.
<template> }
            $}\ifmeasuring@ \savefieldlength@ \fi \set@field \endtemplate 
l.666   \end{align*}
                    
I've deleted a group-closing symbol because it seems to be
spurious, as in `$x}$'. But perhaps the } is legitimate and
you forgot something else, as in `\hbox{$x}'. In such cases
the way to recover is to insert both the forgotten and the
deleted material, e.g., by typing `I$}'.

./paper.tex:666: Missing \endgroup inserted.
<inserted text> 
                \endgroup 
l.666   \end{align*}
                    
I've inserted something that you may have forgotten.
(See the <inserted text> above.)
With luck, this will get me unwedged. But if you
really didn't forget anything, try typing `2' now; then
my insertion and my current dilemma will both disappear.

./paper.tex:666: Missing } inserted.
<inserted text> 
                }
l.666   \end{align*}
                    
I've inserted something that you may have forgotten.
(See the <inserted text> above.)
With luck, this will get me unwedged. But if you
really didn't forget anything, try typing `2' now; then
my insertion and my current dilemma will both disappear.

./paper.tex:666: Missing } inserted.
<inserted text> 
                }
l.666   \end{align*}
                    
I've inserted something that you may have forgotten.
(See the <inserted text> above.)
With luck, this will get me unwedged. But if you
really didn't forget anything, try typing `2' now; then
my insertion and my current dilemma will both disappear.

./paper.tex:666: Missing $ inserted.
<inserted text> 
                $
l.666   \end{align*}
                    
I've inserted a begin-math/end-math symbol since I think
you left one out. Proceed, with fingers crossed.

./paper.tex:666: Undefined control sequence.
<argument> ...begin {cases*} 1 & if $A_h \cap \EV 
                                                  _h \neq \emptyset $ 0 & ot...
l.666   \end{align*}
                    
The control sequence at the end of the top line
of your error message was never \def'ed. If you have
misspelled it (e.g., `\hobx'), type `I' and the correct
spelling (e.g., `I\hbox'). Otherwise just continue,
and I'll forget about whatever was undefined.

./paper.tex:666: Missing { inserted.
<inserted text> 
                {
l.666   \end{align*}
                    
I've put in what seems to be necessary to fix
the current column of the current alignment.
Try to go on, since this might almost work.

./paper.tex:666: Extra }, or forgotten $.
<recently read> }
                 
l.666   \end{align*}
                    
I've deleted a group-closing symbol because it seems to be
spurious, as in `$x}$'. But perhaps the } is legitimate and
you forgot something else, as in `\hbox{$x}'. In such cases
the way to recover is to insert both the forgotten and the
deleted material, e.g., by typing `I$}'.

./paper.tex:666: Missing $ inserted.
<inserted text> 
                $
l.666   \end{align*}
                    
I've inserted a begin-math/end-math symbol since I think
you left one out. Proceed, with fingers crossed.

./paper.tex:666: Missing } inserted.
<inserted text> 
                }
l.666   \end{align*}
                    
I've inserted something that you may have forgotten.
(See the <inserted text> above.)
With luck, this will get me unwedged. But if you
really didn't forget anything, try typing `2' now; then
my insertion and my current dilemma will both disappear.


./paper.tex:666: LaTeX Error: \begin{align*} on input line 661 ended by \end{ca
ses*}.

See the LaTeX manual or LaTeX Companion for explanation.
Type  H <return>  for immediate help.
 ...                                              
                                                  
l.666   \end{align*}
                    
Your command was ignored.
Type  I <command> <return>  to replace it with another command,
or  <return>  to continue without it.

./paper.tex:666: Missing } inserted.
<inserted text> 
                }
l.666   \end{align*}
                    
I've inserted something that you may have forgotten.
(See the <inserted text> above.)
With luck, this will get me unwedged. But if you
really didn't forget anything, try typing `2' now; then
my insertion and my current dilemma will both disappear.

./paper.tex:666: Missing $ inserted.
<inserted text> 
                $
l.666   \end{align*}
                    
I've inserted something that you may have forgotten.
(See the <inserted text> above.)
With luck, this will get me unwedged. But if you
really didn't forget anything, try typing `2' now; then
my insertion and my current dilemma will both disappear.

./paper.tex:666: Missing } inserted.
<inserted text> 
                }
l.666   \end{align*}
                    
I've inserted something that you may have forgotten.
(See the <inserted text> above.)
With luck, this will get me unwedged. But if you
really didn't forget anything, try typing `2' now; then
my insertion and my current dilemma will both disappear.

./paper.tex:666: Missing } inserted.
<inserted text> 
                }
l.666   \end{align*}
                    
I've inserted something that you may have forgotten.
(See the <inserted text> above.)
With luck, this will get me unwedged. But if you
really didn't forget anything, try typing `2' now; then
my insertion and my current dilemma will both disappear.

./paper.tex:666: Missing \cr inserted.
<inserted text> 
                \cr 
l.666   \end{align*}
                    
I'm guessing that you meant to end an alignment here.

./paper.tex:666: Missing { inserted.
<inserted text> 
                {
l.666   \end{align*}
                    
I've put in what seems to be necessary to fix
the current column of the current alignment.
Try to go on, since this might almost work.

./paper.tex:666: Missing { inserted.
<inserted text> 
                {
l.666   \end{align*}
                    
I've put in what seems to be necessary to fix
the current column of the current alignment.
Try to go on, since this might almost work.

./paper.tex:666: Extra }, or forgotten $.
<recently read> }
                 
l.666   \end{align*}
                    
I've deleted a group-closing symbol because it seems to be
spurious, as in `$x}$'. But perhaps the } is legitimate and
you forgot something else, as in `\hbox{$x}'. In such cases
the way to recover is to insert both the forgotten and the
deleted material, e.g., by typing `I$}'.

./paper.tex:666: Missing $ inserted.
<inserted text> 
                $
l.666   \end{align*}
                    
I've inserted a begin-math/end-math symbol since I think
you left one out. Proceed, with fingers crossed.

./paper.tex:666: Missing } inserted.
<inserted text> 
                }
l.666   \end{align*}
                    
I've inserted something that you may have forgotten.
(See the <inserted text> above.)
With luck, this will get me unwedged. But if you
really didn't forget anything, try typing `2' now; then
my insertion and my current dilemma will both disappear.

./paper.tex:666: Missing } inserted.
<inserted text> 
                }
l.666   \end{align*}
                    
I've inserted something that you may have forgotten.
(See the <inserted text> above.)
With luck, this will get me unwedged. But if you
really didn't forget anything, try typing `2' now; then
my insertion and my current dilemma will both disappear.

./paper.tex:666: Misplaced \omit.
\math@cr@@@ ...@ \@ne \add@amps \maxfields@ \omit 
                                                  \kern -\alignsep@ \iftag@ ...
l.666   \end{align*}
                    
I expect to see \omit only after tab marks or the \cr of
an alignment. Proceed, and I'll ignore this case.

./paper.tex:666: Misplaced \cr.
\math@cr@@@ ...wtrue \fi \global \lineht@ \z@ \cr 
                                                  
l.666   \end{align*}
                    
I can't figure out why you would want to use a tab mark
or \cr or \span just now. If something like a right brace
up above has ended a previous alignment prematurely,
you're probably due for more error messages, and you
might try typing `S' now just to see what is salvageable.

./paper.tex:666: Misplaced \cr.
\measure@ ...olumn@ \z@ \add@amps \maxfields@ \cr 
                                                  }}\restorecounters@ \ifodd...
l.666   \end{align*}
                    
I can't figure out why you would want to use a tab mark
or \cr or \span just now. If something like a right brace
up above has ended a previous alignment prematurely,
you're probably due for more error messages, and you
might try typing `S' now just to see what is salvageable.

./paper.tex:666: Extra }, or forgotten \endgroup.
\measure@ ...lumn@ \z@ \add@amps \maxfields@ \cr }
                                                  }\restorecounters@ \ifodd ...
l.666   \end{align*}
                    
I've deleted a group-closing symbol because it seems to be
spurious, as in `$x}$'. But perhaps the } is legitimate and
you forgot something else, as in `\hbox{$x}'. In such cases
the way to recover is to insert both the forgotten and the
deleted material, e.g., by typing `I$}'.

./paper.tex:666: Extra }, or forgotten \endgroup.
\measure@ ...umn@ \z@ \add@amps \maxfields@ \cr }}
                                                  \restorecounters@ \ifodd \...
l.666   \end{align*}
                    
I've deleted a group-closing symbol because it seems to be
spurious, as in `$x}$'. But perhaps the } is legitimate and
you forgot something else, as in `\hbox{$x}'. In such cases
the way to recover is to insert both the forgotten and the
deleted material, e.g., by typing `I$}'.

./paper.tex:666: Missing number, treated as zero.
<to be read again> 
                   >
l.666   \end{align*}
                    
A number should have been here; I inserted `0'.
(If you can't figure out why I needed to see a number,
look up `weird error' in the index to The TeXbook.)

./paper.tex:666: Illegal unit of measure (pt inserted).
<to be read again> 
                   >
l.666   \end{align*}
                    
Dimensions can be in units of em, ex, in, pt, pc,
cm, mm, dd, cc, nd, nc, bp, or sp; but yours is a new one!
I'll assume that you meant to say pt, for printer's points.
To recover gracefully from this error, it's best to
delete the erroneous units; e.g., type `2' to delete
two letters. (See Chapter 27 of The TeXbook.)

./paper.tex:666: Missing } inserted.
<inserted text> 
                }
l.666   \end{align*}
                    
I've inserted something that you may have forgotten.
(See the <inserted text> above.)
With luck, this will get me unwedged. But if you
really didn't forget anything, try typing `2' now; then
my insertion and my current dilemma will both disappear.

./paper.tex:666: You can't use `\halign' in math mode.
<recently read> \halign 
                        
l.666   \end{align*}
                    
Sorry, but I'm not programmed to handle this case;
I'll just pretend that you didn't ask for it.
If you're in the wrong mode, you might be able to
return to the right one by typing `I}' or `I$' or `I\par'.

./paper.tex:666: Misplaced \span.
\align@ ...bskip \eqnshift@ \halign \bgroup \span 
                                                  \align@preamble \crcr #2
l.666   \end{align*}
                    
I can't figure out why you would want to use a tab mark
or \cr or \span just now. If something like a right brace
up above has ended a previous alignment prematurely,
you're probably due for more error messages, and you
might try typing `S' now just to see what is salvageable.

./paper.tex:666: Misplaced alignment tab character &.
\align@preamble ->&
                   \hfil \strut@ \setboxz@h {\@lign $\m@th \displaystyle {##...
l.666   \end{align*}
                    
I can't figure out why you would want to use a tab mark
here. If you just want an ampersand, the remedy is
simple: Just type `I\&' now. But if some right brace
up above has ended a previous alignment prematurely,
you're probably due for more error messages, and you
might try typing `S' now just to see what is salvageable.

./paper.tex:666: You can't use `macro parameter character #' in math mode.
\align@preamble ...\@lign $\m@th \displaystyle {##
                                                  }$}\ifmeasuring@ \savefiel...
l.666   \end{align*}
                    
Sorry, but I'm not programmed to handle this case;
I'll just pretend that you didn't ask for it.
If you're in the wrong mode, you might be able to
return to the right one by typing `I}' or `I$' or `I\par'.

./paper.tex:666: Misplaced alignment tab character &.
\align@preamble ...i \set@field \tabskip \z@skip &
                                                  \setboxz@h {\@lign $\m@th ...
l.666   \end{align*}
                    
I can't figure out why you would want to use a tab mark
here. If you just want an ampersand, the remedy is
simple: Just type `I\&' now. But if some right brace
up above has ended a previous alignment prematurely,
you're probably due for more error messages, and you
might try typing `S' now just to see what is salvageable.

./paper.tex:666: You can't use `macro parameter character #' in math mode.
\align@preamble ...lign $\m@th \displaystyle {{}##
                                                  }$}\ifmeasuring@ \savefiel...
l.666   \end{align*}
                    
Sorry, but I'm not programmed to handle this case;
I'll just pretend that you didn't ask for it.
If you're in the wrong mode, you might be able to
return to the right one by typing `I}' or `I$' or `I\par'.

./paper.tex:666: Misplaced \crcr.
<recently read> \crcr 
                      
l.666   \end{align*}
                    
I can't figure out why you would want to use a tab mark
or \cr or \span just now. If something like a right brace
up above has ended a previous alignment prematurely,
you're probably due for more error messages, and you
might try typing `S' now just to see what is salvageable.


./paper.tex:666: LaTeX Error: Environment cases* undefined.

See the LaTeX manual or LaTeX Companion for explanation.
Type  H <return>  for immediate help.
 ...                                              
                                                  
l.666   \end{align*}
                    
Your command was ignored.
Type  I <command> <return>  to replace it with another command,
or  <return>  to continue without it.

./paper.tex:666: Misplaced alignment tab character &.
<argument> ...}_\alpha (a,b):= \begin {cases*} 1 &
                                                   if $A_h \cap \EV _h \neq ...
l.666   \end{align*}
                    
I can't figure out why you would want to use a tab mark
here. If you just want an ampersand, the remedy is
simple: Just type `I\&' now. But if some right brace
up above has ended a previous alignment prematurely,
you're probably due for more error messages, and you
might try typing `S' now just to see what is salvageable.

./paper.tex:666: Missing \endgroup inserted.
<inserted text> 
                \endgroup 
l.666   \end{align*}
                    
I've inserted something that you may have forgotten.
(See the <inserted text> above.)
With luck, this will get me unwedged. But if you
really didn't forget anything, try typing `2' now; then
my insertion and my current dilemma will both disappear.

./paper.tex:666: Missing } inserted.
<inserted text> 
                }
l.666   \end{align*}
                    
I've inserted something that you may have forgotten.
(See the <inserted text> above.)
With luck, this will get me unwedged. But if you
really didn't forget anything, try typing `2' now; then
my insertion and my current dilemma will both disappear.

./paper.tex:666: Missing } inserted.
<inserted text> 
                }
l.666   \end{align*}
                    
I've inserted something that you may have forgotten.
(See the <inserted text> above.)
With luck, this will get me unwedged. But if you
really didn't forget anything, try typing `2' now; then
my insertion and my current dilemma will both disappear.

./paper.tex:666: Missing } inserted.
<inserted text> 
                }
l.666   \end{align*}
                    
I've inserted something that you may have forgotten.
(See the <inserted text> above.)
With luck, this will get me unwedged. But if you
really didn't forget anything, try typing `2' now; then
my insertion and my current dilemma will both disappear.

./paper.tex:666: Missing $ inserted.
<inserted text> 
                $
l.666   \end{align*}
                    
I've inserted a begin-math/end-math symbol since I think
you left one out. Proceed, with fingers crossed.

./paper.tex:666: Undefined control sequence.
<argument> ...begin {cases*} 1 & if $A_h \cap \EV 
                                                  _h \neq \emptyset $ 0 & ot...
l.666   \end{align*}
                    
The control sequence at the end of the top line
of your error message was never \def'ed. If you have
misspelled it (e.g., `\hobx'), type `I' and the correct
spelling (e.g., `I\hbox'). Otherwise just continue,
and I'll forget about whatever was undefined.

./paper.tex:666: Misplaced alignment tab character &.
<argument> ...A_h \cap \EV _h \neq \emptyset $ 0 &
                                                   otherwise \end {cases*}, 
l.666   \end{align*}
                    
I can't figure out why you would want to use a tab mark
here. If you just want an ampersand, the remedy is
simple: Just type `I\&' now. But if some right brace
up above has ended a previous alignment prematurely,
you're probably due for more error messages, and you
might try typing `S' now just to see what is salvageable.


./paper.tex:666: LaTeX Error: \begin{lem} on input line 655 ended by \end{cases
*}.

See the LaTeX manual or LaTeX Companion for explanation.
Type  H <return>  for immediate help.
 ...                                              
                                                  
l.666   \end{align*}
                    
Your command was ignored.
Type  I <command> <return>  to replace it with another command,
or  <return>  to continue without it.

./paper.tex:666: Misplaced \cr.
\math@cr@@@ ->\cr 
                  
l.666   \end{align*}
                    
I can't figure out why you would want to use a tab mark
or \cr or \span just now. If something like a right brace
up above has ended a previous alignment prematurely,
you're probably due for more error messages, and you
might try typing `S' now just to see what is salvageable.

./paper.tex:666: Misplaced \noalign.
\math@cr@@ ... \iffalse }\fi \math@cr@@@ \noalign 
                                                  {\vskip #1\relax }
l.666   \end{align*}
                    
I expect to see \noalign only after the \cr of
an alignment. Proceed, and I'll ignore this case.


Overfull \hbox (33.64992pt too wide) in paragraph at lines 656--666
\OT1/cmr/bx/n/12 Lemma 12. \OT1/cmr/m/it/12 Let $\OML/cmm/m/it/12 g$ \OT1/cmr/m
/it/12 be a matrix-symmetric gate in $\OML/cmm/m/it/12 C[]$ \OT1/cmr/m/it/12 wi
th chil-dren $\OML/cmm/m/it/12 W[]$\OT1/cmr/m/it/12 . $\OML/cmm/m/it/12 Let \O
MS/cmsy/m/n/12 2 \OML/cmm/m/it/12 U[]$\OT1/cmr/m/it/12 A$[]\OMS/cmsy/m/n/12 \[]
 6\OT1/cmr/m/n/12 =
 []

./paper.tex:666: Misplaced \noalign.
\black@ #1->\noalign 
                     {\ifdim #1>\displaywidth \dimen@ \prevdepth \nointerlin...
l.666   \end{align*}
                    
I expect to see \noalign only after the \cr of
an alignment. Proceed, and I'll ignore this case.

./paper.tex:666: Too many }'s.
\endalign ->\math@cr \black@ \totwidth@ \egroup 
                                                \ifingather@ \restorealignst...
l.666   \end{align*}
                    
You've closed more groups than you opened.
Such booboos are generally harmless, so keep going.


./paper.tex:666: LaTeX Error: \begin{document} ended by \end{align*}.

See the LaTeX manual or LaTeX Companion for explanation.
Type  H <return>  for immediate help.
 ...                                              
                                                  
l.666   \end{align*}
                    
Your command was ignored.
Type  I <command> <return>  to replace it with another command,
or  <return>  to continue without it.

./paper.tex:666: Missing $ inserted.
<inserted text> 
                $
l.666   \end{align*}
                    
I've inserted something that you may have forgotten.
(See the <inserted text> above.)
With luck, this will get me unwedged. But if you
really didn't forget anything, try typing `2' now; then
my insertion and my current dilemma will both disappear.

./paper.tex:666: Display math should end with $$.
<to be read again> 
                   \endgroup 
l.666   \end{align*}
                    
The `$' that I just saw supposedly matches a previous `$$'.
So I shall assume that you typed `$$' both times.

./paper.tex:666: Extra \endgroup.
<recently read> \endgroup 
                          
l.666   \end{align*}
                    
Things are pretty mixed up, but I think the worst is over.

./paper.tex:668: Undefined control sequence.
l.668   \sim \beta\}$. Then $\alpha \in \EV
                                           _g$ iff $f(L^\EV_\alpha)$.
The control sequence at the end of the top line
of your error message was never \def'ed. If you have
misspelled it (e.g., `\hobx'), type `I' and the correct
spelling (e.g., `I\hbox'). Otherwise just continue,
and I'll forget about whatever was undefined.

./paper.tex:668: Undefined control sequence.
l.668 ...\}$. Then $\alpha \in \EV_g$ iff $f(L^\EV
                                                  _\alpha)$.
The control sequence at the end of the top line
of your error message was never \def'ed. If you have
misspelled it (e.g., `\hobx'), type `I' and the correct
spelling (e.g., `I\hbox'). Otherwise just continue,
and I'll forget about whatever was undefined.

./paper.tex:668: Missing { inserted.
<to be read again> 
                   _
l.668 ...}$. Then $\alpha \in \EV_g$ iff $f(L^\EV_
                                                  \alpha)$.
A left brace was mandatory here, so I've put one in.
You might want to delete and/or insert some corrections
so that I will find a matching right brace soon.
(If you're confused by all this, try typing `I}' now.)

./paper.tex:668: Missing } inserted.
<inserted text> 
                }
l.668 ... $\alpha \in \EV_g$ iff $f(L^\EV_\alpha)$
                                                  .
I've inserted something that you may have forgotten.
(See the <inserted text> above.)
With luck, this will get me unwedged. But if you
really didn't forget anything, try typing `2' now; then
my insertion and my current dilemma will both disappear.


./paper.tex:669: LaTeX Error: \begin{document} ended by \end{lem}.

See the LaTeX manual or LaTeX Companion for explanation.
Type  H <return>  for immediate help.
 ...                                              
                                                  
l.669 \end{lem}
               
Your command was ignored.
Type  I <command> <return>  to replace it with another command,
or  <return>  to continue without it.

./paper.tex:669: Extra \endgroup.
<recently read> \endgroup 
                          
l.669 \end{lem}
               
Things are pretty mixed up, but I think the worst is over.

./paper.tex:671: Missing $ inserted.
<inserted text> 
                $
l.671 ... that if $\alpha \in U^{\underbar{\sp{g}}
                                                  }$ then $\alpha \in \EV_g$
I've inserted a begin-math/end-math symbol since I think
you left one out. Proceed, with fingers crossed.

./paper.tex:671: Extra }, or forgotten $.
\sbox ...hbox {\color@setgroup #2\color@endgroup }
                                                  
l.671 ... that if $\alpha \in U^{\underbar{\sp{g}}
                                                  }$ then $\alpha \in \EV_g$
I've deleted a group-closing symbol because it seems to be
spurious, as in `$x}$'. But perhaps the } is legitimate and
you forgot something else, as in `\hbox{$x}'. In such cases
the way to recover is to insert both the forgotten and the
deleted material, e.g., by typing `I$}'.

./paper.tex:671: Extra }, or forgotten $.
\underline #1->\relax \ifmmode \@@underline {#1}
                                                \else $\@@underline {\hbox {...
l.671 ... that if $\alpha \in U^{\underbar{\sp{g}}
                                                  }$ then $\alpha \in \EV_g$
I've deleted a group-closing symbol because it seems to be
spurious, as in `$x}$'. But perhaps the } is legitimate and
you forgot something else, as in `\hbox{$x}'. In such cases
the way to recover is to insert both the forgotten and the
deleted material, e.g., by typing `I$}'.

./paper.tex:671: Extra }, or forgotten $.
l.671 ...that if $\alpha \in U^{\underbar{\sp{g}}}
                                                  $ then $\alpha \in \EV_g$
I've deleted a group-closing symbol because it seems to be
spurious, as in `$x}$'. But perhaps the } is legitimate and
you forgot something else, as in `\hbox{$x}'. In such cases
the way to recover is to insert both the forgotten and the
deleted material, e.g., by typing `I$}'.

./paper.tex:671: Undefined control sequence.
l.671 ...{\underbar{\sp{g}}}$ then $\alpha \in \EV
                                                  _g$
The control sequence at the end of the top line
of your error message was never \def'ed. If you have
misspelled it (e.g., `\hobx'), type `I' and the correct
spelling (e.g., `I\hbox'). Otherwise just continue,
and I'll forget about whatever was undefined.


LaTeX Warning: Reference `' on page 12 undefined on input line 673.

./paper.tex:676: Undefined control sequence.
l.676   We now show that $L^\EV
                               _\alpha = L^0_\gamma$, and so complete the pr...
The control sequence at the end of the top line
of your error message was never \def'ed. If you have
misspelled it (e.g., `\hobx'), type `I' and the correct
spelling (e.g., `I\hbox'). Otherwise just continue,
and I'll forget about whatever was undefined.

./paper.tex:676: Missing { inserted.
<to be read again> 
                   _
l.676   We now show that $L^\EV_
                                \alpha = L^0_\gamma$, and so complete the pr...
A left brace was mandatory here, so I've put one in.
You might want to delete and/or insert some corrections
so that I will find a matching right brace soon.
(If you're confused by all this, try typing `I}' now.)

./paper.tex:676: Missing } inserted.
<inserted text> 
                }
l.676 ...now show that $L^\EV_\alpha = L^0_\gamma$
                                                  , and so complete the proof.
I've inserted something that you may have forgotten.
(See the <inserted text> above.)
With luck, this will get me unwedged. But if you
really didn't forget anything, try typing `2' now; then
my insertion and my current dilemma will both disappear.

./paper.tex:678: Undefined control sequence.
l.678 ...(a,b) \in A \times B$ we have that $L^\EV
                                                  _\alpha(a,b) = 1$. Let
The control sequence at the end of the top line
of your error message was never \def'ed. If you have
misspelled it (e.g., `\hobx'), type `I' and the correct
spelling (e.g., `I\hbox'). Otherwise just continue,
and I'll forget about whatever was undefined.

./paper.tex:678: Missing { inserted.
<to be read again> 
                   _
l.678 ...a,b) \in A \times B$ we have that $L^\EV_
                                                  \alpha(a,b) = 1$. Let
A left brace was mandatory here, so I've put one in.
You might want to delete and/or insert some corrections
so that I will find a matching right brace soon.
(If you're confused by all this, try typing `I}' now.)

./paper.tex:678: Missing } inserted.
<inserted text> 
                }
l.678 ...s B$ we have that $L^\EV_\alpha(a,b) = 1$
                                                  . Let
I've inserted something that you may have forgotten.
(See the <inserted text> above.)
With luck, this will get me unwedged. But if you
really didn't forget anything, try typing `2' now; then
my insertion and my current dilemma will both disappear.

./paper.tex:679: Undefined control sequence.
l.679 ...L(g)(a,b)$. It follows that $A_h \cap \EV
                                                  _h \neq \emptyset$, i.e there
The control sequence at the end of the top line
of your error message was never \def'ed. If you have
misspelled it (e.g., `\hobx'), type `I' and the correct
spelling (e.g., `I\hbox'). Otherwise just continue,
and I'll forget about whatever was undefined.


LaTeX Warning: Reference `' on page 12 undefined on input line 682.


./paper.tex:688: LaTeX Error: Something's wrong--perhaps a missing \item.

See the LaTeX manual or LaTeX Companion for explanation.
Type  H <return>  for immediate help.
 ...                                              
                                                  
l.688 \end{proof}
                 
Try typing  <return>  to proceed.
If that doesn't work, type  X <return>  to quit.


./paper.tex:688: LaTeX Error: Something's wrong--perhaps a missing \item.

See the LaTeX manual or LaTeX Companion for explanation.
Type  H <return>  for immediate help.
 ...                                              
                                                  
l.688 \end{proof}
                 
Try typing  <return>  to proceed.
If that doesn't work, type  X <return>  to quit.

./paper.tex:688: Missing } inserted.
<inserted text> 
                }
l.688 \end{proof}
                 
I've inserted something that you may have forgotten.
(See the <inserted text> above.)
With luck, this will get me unwedged. But if you
really didn't forget anything, try typing `2' now; then
my insertion and my current dilemma will both disappear.

./paper.tex:688: Missing } inserted.
<inserted text> 
                }
l.688 \end{proof}
                 
I've inserted something that you may have forgotten.
(See the <inserted text> above.)
With luck, this will get me unwedged. But if you
really didn't forget anything, try typing `2' now; then
my insertion and my current dilemma will both disappear.

./paper.tex:688: Missing } inserted.
<inserted text> 
                }
l.688 \end{proof}
                 
I've inserted something that you may have forgotten.
(See the <inserted text> above.)
With luck, this will get me unwedged. But if you
really didn't forget anything, try typing `2' now; then
my insertion and my current dilemma will both disappear.

./paper.tex:688: Missing $ inserted.
<inserted text> 
                $
l.688 \end{proof}
                 
I've inserted something that you may have forgotten.
(See the <inserted text> above.)
With luck, this will get me unwedged. But if you
really didn't forget anything, try typing `2' now; then
my insertion and my current dilemma will both disappear.

[12]

LaTeX Warning: Reference `' on page 13 undefined on input line 700.


LaTeX Warning: Reference `' on page 13 undefined on input line 700.

LaTeX Font Info:    Font shape `OMS/cmr/m/n' in size <12> not available
(Font)              Font shape `OMS/cmsy/m/n' tried instead on input line 710.

Overfull \hbox (26.84023pt too wide) in paragraph at lines 725--730
[]$\OML/cmm/m/it/12 ^^^[]\OT1/cmr/m/n/12 (\OML/cmm/m/it/12 ^^W; ^^V; ^^W[]; nu[
]\OT1/cmr/m/n/12 )$ holds iff $\OML/cmm/m/it/12 ^^W$ \OT1/cmr/m/n/12 and $\OML/
cmm/m/it/12 ^^V$ \OT1/cmr/m/n/12 en-code gates and $\OML/cmm/m/it/12 ^^W[]; ^^W
[]$ \OT1/cmr/m/n/12 en-code num-bers, and $\OML/cmm/m/it/12 L\OT1/cmr/m/n/12 (\
OML/cmm/m/it/12 g[]\OT1/cmr/m/n/12 )(\OML/cmm/m/it/12 ^^W[]; ^^W[]\OT1/cmr/m/n/
12 ) =
 []

./paper.tex:738: Undefined control sequence.
<recently read> \rankpara 
                          
l.738 $\rankpara
                $ such that $\langle [n], \leq\rangle \models \rankpara[g,p,...
The control sequence at the end of the top line
of your error message was never \def'ed. If you have
misspelled it (e.g., `\hobx'), type `I' and the correct
spelling (e.g., `I\hbox'). Otherwise just continue,
and I'll forget about whatever was undefined.

./paper.tex:738: Undefined control sequence.
l.738 ...langle [n], \leq\rangle \models \rankpara
                                                  [g,p,u]$ iff
The control sequence at the end of the top line
of your error message was never \def'ed. If you have
misspelled it (e.g., `\hobx'), type `I' and the correct
spelling (e.g., `I\hbox'). Otherwise just continue,
and I'll forget about whatever was undefined.


LaTeX Warning: Reference `' on page 13 undefined on input line 748.

[13] [14]
Chapter 6.
[15

]

LaTeX Warning: Reference `prop:function-maj' on page 16 undefined on input line
 837.

[16]
Chapter 7.

Package amsmath Warning: Foreign command \atopwithdelims;
(amsmath)                \frac or \genfrac should be used instead
(amsmath)                 on input line 873.

LaTeX Font Info:    Try loading font information for U+euf on input line 886.
(/usr/share/texlive/texmf-dist/tex/latex/amsfonts/ueuf.fd
File: ueuf.fd 2013/01/14 v3.01 Euler Fraktur
) [17

]

LaTeX Warning: Reference `' on page 18 undefined on input line 911.

[18] (./paper.aux)

LaTeX Warning: There were undefined references.

 ) 
Here is how much of TeX's memory you used:
 2873 strings out of 494953
 38623 string characters out of 6180977
 111619 words of memory out of 5000000
 6105 multiletter control sequences out of 15000+600000
 16801 words of font info for 63 fonts, out of 8000000 for 9000
 14 hyphenation exceptions out of 8191
 38i,15n,32p,600b,248s stack positions out of 5000i,500n,10000p,200000b,80000s
</usr/share/texlive/texmf-dist/fonts/type1/public/amsfonts/cm/cmbx12.pfb></us
r/share/texlive/texmf-dist/fonts/type1/public/amsfonts/cm/cmbx6.pfb></usr/share
/texlive/texmf-dist/fonts/type1/public/amsfonts/cm/cmbx8.pfb></usr/share/texliv
e/texmf-dist/fonts/type1/public/amsfonts/cm/cmbxti10.pfb></usr/share/texlive/te
xmf-dist/fonts/type1/public/amsfonts/cm/cmex10.pfb></usr/share/texlive/texmf-di
st/fonts/type1/public/amsfonts/cm/cmmi12.pfb></usr/share/texlive/texmf-dist/fon
ts/type1/public/amsfonts/cm/cmmi6.pfb></usr/share/texlive/texmf-dist/fonts/type
1/public/amsfonts/cm/cmmi8.pfb></usr/share/texlive/texmf-dist/fonts/type1/publi
c/amsfonts/cm/cmr12.pfb></usr/share/texlive/texmf-dist/fonts/type1/public/amsfo
nts/cm/cmr17.pfb></usr/share/texlive/texmf-dist/fonts/type1/public/amsfonts/cm/
cmr6.pfb></usr/share/texlive/texmf-dist/fonts/type1/public/amsfonts/cm/cmr8.pfb
></usr/share/texlive/texmf-dist/fonts/type1/public/amsfonts/cm/cmsy10.pfb></usr
/share/texlive/texmf-dist/fonts/type1/public/amsfonts/cm/cmsy6.pfb></usr/share/
texlive/texmf-dist/fonts/type1/public/amsfonts/cm/cmsy8.pfb></usr/share/texlive
/texmf-dist/fonts/type1/public/amsfonts/cm/cmti12.pfb></usr/share/texlive/texmf
-dist/fonts/type1/public/amsfonts/euler/eufm10.pfb></usr/share/texlive/texmf-di
st/fonts/type1/public/amsfonts/euler/eufm7.pfb></usr/share/texlive/texmf-dist/f
onts/type1/public/amsfonts/symbols/msbm10.pfb>
Output written on paper.pdf (19 pages, 252819 bytes).
PDF statistics:
 143 PDF objects out of 1000 (max. 8388607)
 101 compressed objects within 2 object streams
 0 named destinations out of 1000 (max. 500000)
 1 words of extra memory for PDF output out of 10000 (max. 10000000)

